::1 - - [06/May/2019:12:55:38 +0000] "GET /todo HTTP/1.1" 200 117 "-" "Mozilla/5.0 (Macintosh; Intel Mac OS X 10_14_3) AppleWebKit/537.36 (KHTML, like Gecko) Chrome/73.0.3683.86 Safari/537.36"
::1 - - [06/May/2019:12:58:12 +0000] "POST /todo HTTP/1.1" 200 - "-" "PostmanRuntime/7.6.0"
::1 - - [06/May/2019:12:59:57 +0000] "POST /todo HTTP/1.1" 200 - "-" "PostmanRuntime/7.6.0"
::1 - - [06/May/2019:13:56:25 +0000] "GET /todo HTTP/1.1" 200 138 "-" "PostmanRuntime/7.6.0"
::1 - - [06/May/2019:13:56:37 +0000] "POST /todo HTTP/1.1" 200 49 "-" "PostmanRuntime/7.6.0"
::1 - - [06/May/2019:13:57:53 +0000] "POST /todo HTTP/1.1" 200 46 "-" "PostmanRuntime/7.6.0"
::1 - - [06/May/2019:13:58:02 +0000] "GET /todo HTTP/1.1" 200 185 "-" "PostmanRuntime/7.6.0"
::1 - - [06/May/2019:13:59:41 +0000] "GET /todo/2 HTTP/1.1" 200 4 "-" "PostmanRuntime/7.6.0"
::1 - - [06/May/2019:14:10:54 +0000] "GET /todo/2 HTTP/1.1" 200 4 "-" "PostmanRuntime/7.6.0"
::1 - - [06/May/2019:14:13:52 +0000] "GET /todo/2 HTTP/1.1" 200 4 "-" "PostmanRuntime/7.6.0"
::1 - - [06/May/2019:14:14:28 +0000] "GET /todo/2 HTTP/1.1" 200 4 "-" "PostmanRuntime/7.6.0"
::1 - - [06/May/2019:14:14:50 +0000] "GET /todo/2 HTTP/1.1" 200 4 "-" "PostmanRuntime/7.6.0"
::1 - - [06/May/2019:14:17:52 +0000] "GET /todo/2 HTTP/1.1" 200 36 "-" "PostmanRuntime/7.6.0"
::1 - - [06/May/2019:14:17:55 +0000] "GET /todo/1 HTTP/1.1" 200 39 "-" "PostmanRuntime/7.6.0"
::1 - - [06/May/2019:14:17:58 +0000] "GET /todo/5 HTTP/1.1" 200 - "-" "PostmanRuntime/7.6.0"
::1 - - [06/May/2019:14:18:06 +0000] "GET /todo/xxx HTTP/1.1" 200 9 "-" "PostmanRuntime/7.6.0"
::1 - - [06/May/2019:14:18:35 +0000] "GET /todo/xxx HTTP/1.1" 404 9 "-" "PostmanRuntime/7.6.0"
::1 - - [06/May/2019:14:18:37 +0000] "GET /todo/xxx HTTP/1.1" 404 9 "-" "PostmanRuntime/7.6.0"
::1 - - [06/May/2019:14:27:01 +0000] "GET /todo HTTP/1.1" 200 35 "-" "PostmanRuntime/7.6.0"
::1 - - [06/May/2019:14:33:26 +0000] "GET /todo HTTP/1.1" 401 1318 "-" "PostmanRuntime/7.6.0"
::1 - - [06/May/2019:14:35:39 +0000] "POST /login HTTP/1.1" 401 14 "-" "PostmanRuntime/7.6.0"
::1 - - [06/May/2019:14:36:07 +0000] "POST /login HTTP/1.1" 200 137 "-" "PostmanRuntime/7.6.0"
::1 - - [06/May/2019:14:36:29 +0000] "GET /todo HTTP/1.1" 200 35 "-" "PostmanRuntime/7.6.0"
